<?xml version="1.0" encoding="UTF-8"?>
<testsuite xmlns:xsi="http://www.w3.org/2001/XMLSchema-instance" xsi:noNamespaceSchemaLocation="https://maven.apache.org/surefire/maven-surefire-plugin/xsd/surefire-test-report.xsd" name="no.ks.fiks.data.fetcher.api.v1.service.DataFetcherServiceTest" time="4.872" tests="8" errors="0" skipped="0" failures="0">
  <properties>
[...]
</properties>
  <testcase name="createNonExistingTable" classname="no.ks.fiks.data.fetcher.api.v1.service.DataFetcherServiceTest" time="0.663"/>
  <testcase name="createValidTableWithAllYears" classname="no.ks.fiks.data.fetcher.api.v1.service.DataFetcherServiceTest" time="0.68"/>
  <testcase name="createTableWithEmptyJsonExistingTable" classname="no.ks.fiks.data.fetcher.api.v1.service.DataFetcherServiceTest" time="0"/>
  <testcase name="dropTable" classname="no.ks.fiks.data.fetcher.api.v1.service.DataFetcherServiceTest" time="0.401"/>
  <testcase name="truncateTable" classname="no.ks.fiks.data.fetcher.api.v1.service.DataFetcherServiceTest" time="0.882"/>
  <testcase name="createValidTableWithOnlyTableCode" classname="no.ks.fiks.data.fetcher.api.v1.service.DataFetcherServiceTest" time="0.8"/>
  <testcase name="createBigValidTable" classname="no.ks.fiks.data.fetcher.api.v1.service.DataFetcherServiceTest" time="0.648"/>
  <testcase name="createValidTableWithOnlyYears" classname="no.ks.fiks.data.fetcher.api.v1.service.DataFetcherServiceTest" time="0.788"/>
</testsuite>